🚀 Updating system...
Hit:1 https://dl.google.com/linux/chrome/deb stable InRelease
Get:2 https://download.docker.com/linux/ubuntu focal InRelease [57.7 kB]
Hit:4 http://oem.archive.canonical.com focal InRelease
Hit:5 http://archive.canonical.com/ubuntu focal InRelease
Get:6 http://security.ubuntu.com/ubuntu focal-security InRelease [128 kB]
Hit:7 http://dell.archive.canonical.com focal InRelease
Hit:8 http://archive.ubuntu.com/ubuntu focal InRelease
Hit:9 https://packages.microsoft.com/repos/code stable InRelease
Hit:10 http://ppa.launchpad.net/remmina-ppa-team/remmina-next/ubuntu focal InRelease
Get:11 http://archive.ubuntu.com/ubuntu focal-updates InRelease [128 kB]
Hit:12 http://ppa.launchpad.net/somerville-dla-team/ppa/ubuntu bionic InRelease
Hit:3 https://pkg.osquerypackages.com/deb deb InRelease
Get:13 http://security.ubuntu.com/ubuntu focal-security/main amd64 DEP-11 Metadata [74.7 kB]
Get:14 http://archive.ubuntu.com/ubuntu focal-backports InRelease [128 kB]
Get:15 http://archive.ubuntu.com/ubuntu focal-updates/main amd64 DEP-11 Metadata [276 kB]
Get:16 http://archive.ubuntu.com/ubuntu focal-updates/restricted amd64 DEP-11 Metadata [212 B]
Get:17 http://archive.ubuntu.com/ubuntu focal-updates/universe amd64 DEP-11 Metadata [445 kB]
Get:18 http://archive.ubuntu.com/ubuntu focal-updates/multiverse amd64 DEP-11 Metadata [940 B]
Get:19 http://archive.ubuntu.com/ubuntu focal-backports/main amd64 DEP-11 Metadata [8,008 B]
Get:20 http://archive.ubuntu.com/ubuntu focal-backports/restricted amd64 DEP-11 Metadata [216 B]
Get:21 http://archive.ubuntu.com/ubuntu focal-backports/universe amd64 DEP-11 Metadata [30.5 kB]
Get:22 http://archive.ubuntu.com/ubuntu focal-backports/multiverse amd64 DEP-11 Metadata [212 B]
Get:23 http://security.ubuntu.com/ubuntu focal-security/restricted amd64 DEP-11 Metadata [212 B]
Get:24 http://security.ubuntu.com/ubuntu focal-security/universe amd64 DEP-11 Metadata [160 kB]
Get:25 http://security.ubuntu.com/ubuntu focal-security/multiverse amd64 DEP-11 Metadata [940 B]
Fetched 1,438 kB in 5s (315 kB/s)
Reading package lists...
Building dependency tree...
Reading state information...
8 packages can be upgraded. Run 'apt list --upgradable' to see them.
📦 Installing kubectl...
✅ kubectl installed:
Client Version: v1.35.2
Kustomize Version: v5.7.1
☸️ Installing K3s...
[INFO]  Finding release for channel stable
[INFO]  Using v1.34.5+k3s1 as release
[INFO]  Downloading hash https://github.com/k3s-io/k3s/releases/download/v1.34.5%2Bk3s1/sha256sum-amd64.txt
[INFO]  Skipping binary downloaded, installed k3s matches hash
[INFO]  Skipping installation of SELinux RPM
[INFO]  Skipping /usr/local/bin/kubectl symlink to k3s, already exists
[INFO]  Skipping /usr/local/bin/crictl symlink to k3s, already exists
[INFO]  Skipping /usr/local/bin/ctr symlink to k3s, command exists in PATH at /usr/bin/ctr
[INFO]  Creating killall script /usr/local/bin/k3s-killall.sh
[INFO]  Creating uninstall script /usr/local/bin/k3s-uninstall.sh
[INFO]  env: Creating environment file /etc/systemd/system/k3s.service.env
[INFO]  systemd: Creating service file /etc/systemd/system/k3s.service
[INFO]  systemd: Enabling k3s unit
[INFO]  No change detected so skipping service start
⏳ Waiting for K3s to be ready...
🔍 Checking K3s service...
● k3s.service - Lightweight Kubernetes
     Loaded: loaded (/etc/systemd/system/k3s.service; enabled; vendor preset: enabled)
     Active: active (running) since Tue 2026-03-17 11:22:14 IST; 1h 15min ago
       Docs: https://k3s.io
   Main PID: 12354 (k3s-server)
      Tasks: 195
     Memory: 2.6G
     CGroup: /system.slice/k3s.service
             ├─12354 /usr/local/bin/k3s server
             ├─12384 containerd
             ├─13217 /var/lib/rancher/k3s/data/79ac63a01dfbb817a8aaf7523cdfeb56de028ec60255fc8f6731227297012922/bin/containerd-shim-runc-v2 -namespace k8s.io -id f59d7b208af4a1169ced5e25b1a7f7636a9c69a02b8c7b0019d2ae11f90da0ec -address /run/k3s/containerd/containerd.sock
             ├─13233 /var/lib/rancher/k3s/data/79ac63a01dfbb817a8aaf7523cdfeb56de028ec60255fc8f6731227297012922/bin/containerd-shim-runc-v2 -namespace k8s.io -id a103e86c31db24f24b91afe849b7f21870fbded6d3916dae348e096e74bea44c -address /run/k3s/containerd/containerd.sock
             ├─13396 /var/lib/rancher/k3s/data/79ac63a01dfbb817a8aaf7523cdfeb56de028ec60255fc8f6731227297012922/bin/containerd-shim-runc-v2 -namespace k8s.io -id 22f70088f3c32d818852cf511a8ef2498019d77379d1cc01dd9e60aa23cf831e -address /run/k3s/containerd/containerd.sock
             ├─14176 /var/lib/rancher/k3s/data/79ac63a01dfbb817a8aaf7523cdfeb56de028ec60255fc8f6731227297012922/bin/containerd-shim-runc-v2 -namespace k8s.io -id 980e5c2b5a29d0fdce513ce91fcc2ebc06f38dbc57e0cf310d0698808f109133 -address /run/k3s/containerd/containerd.sock
             ├─14281 /var/lib/rancher/k3s/data/79ac63a01dfbb817a8aaf7523cdfeb56de028ec60255fc8f6731227297012922/bin/containerd-shim-runc-v2 -namespace k8s.io -id 223fdd66bfa4570d6f26ab335374c195fb7bfe4640f7a37652a84263752f47b8 -address /run/k3s/containerd/containerd.sock
             ├─27031 /var/lib/rancher/k3s/data/79ac63a01dfbb817a8aaf7523cdfeb56de028ec60255fc8f6731227297012922/bin/containerd-shim-runc-v2 -namespace k8s.io -id 35d83446a9c342e38edb7ca4ecd0f703debff2a90133dff7c5a8ed3b5a3bb5a9 -address /run/k3s/containerd/containerd.sock
             ├─27201 /var/lib/rancher/k3s/data/79ac63a01dfbb817a8aaf7523cdfeb56de028ec60255fc8f6731227297012922/bin/containerd-shim-runc-v2 -namespace k8s.io -id caed4672eae11a753530a6946416acf3105b612ba4bfd79a52a919c63e3c7105 -address /run/k3s/containerd/containerd.sock
             ├─27266 /var/lib/rancher/k3s/data/79ac63a01dfbb817a8aaf7523cdfeb56de028ec60255fc8f6731227297012922/bin/containerd-shim-runc-v2 -namespace k8s.io -id fabf8bddf87c645b3e8fa7a12928de22c658d6b9dcf634fbccf5a61a61928304 -address /run/k3s/containerd/containerd.sock
             ├─27272 /var/lib/rancher/k3s/data/79ac63a01dfbb817a8aaf7523cdfeb56de028ec60255fc8f6731227297012922/bin/containerd-shim-runc-v2 -namespace k8s.io -id f51b271c9bba6d20439b6949a5e4b0ab0174edabe94c6e75d01f9d2caef34b33 -address /run/k3s/containerd/containerd.sock
             ├─27286 /var/lib/rancher/k3s/data/79ac63a01dfbb817a8aaf7523cdfeb56de028ec60255fc8f6731227297012922/bin/containerd-shim-runc-v2 -namespace k8s.io -id a28e1689c9e39f72f8c2ed802bafe4ba8c77382203d45cf8de44daaa6b0d6f6b -address /run/k3s/containerd/containerd.sock
             ├─27371 /var/lib/rancher/k3s/data/79ac63a01dfbb817a8aaf7523cdfeb56de028ec60255fc8f6731227297012922/bin/containerd-shim-runc-v2 -namespace k8s.io -id 6e4cd00889a936c27b99c5af566570f366186ced4471f2eba8bea90f8a52c8cb -address /run/k3s/containerd/containerd.sock
             └─27402 /var/lib/rancher/k3s/data/79ac63a01dfbb817a8aaf7523cdfeb56de028ec60255fc8f6731227297012922/bin/containerd-shim-runc-v2 -namespace k8s.io -id cab83ba489c79e9d93ced601f6654dd6ac11b1a5a76ee2d1da6d8f5221f6329b -address /run/k3s/containerd/containerd.sock

Mar 17 12:37:11 NBTL-C2JHJY3 k3s[12354]: time="2026-03-17T12:37:11+05:30" level=info msg="COMPACT compacted from 2563 to 2675 in 1 transactions over 3ms"
Mar 17 12:37:19 NBTL-C2JHJY3 k3s[12354]: I0317 12:37:19.065394   12354 scope.go:117] "RemoveContainer" containerID="a8c92732e8a72acec2e09291e4dc3bff2187d8d9d5f1e261797af800a65636ee"
Mar 17 12:37:19 NBTL-C2JHJY3 k3s[12354]: I0317 12:37:19.065680   12354 scope.go:117] "RemoveContainer" containerID="cf2e2db44d4ede69fdcb7427462d01473f52f0531ffd8d9761a19bc7726d87f9"
Mar 17 12:37:19 NBTL-C2JHJY3 k3s[12354]: E0317 12:37:19.065836   12354 pod_workers.go:1324] "Error syncing pod, skipping" err="failed to \"StartContainer\" for \"argocd-applicationset-controller\" with CrashLoopBackOff: \"back-off 2m40s restarting failed container=argocd-applicationset-controller pod=argocd-applicationset-controller-7dc85c9598-dz954_argocd(6e204e44-c350-4bfb-b139-bc83a69ac70c)\"" pod="argocd/argocd-applicationset-controller-7dc85c9598-dz954" podUID="6e204e44-c350-4bfb-b139-bc83a69ac70c"
Mar 17 12:37:31 NBTL-C2JHJY3 k3s[12354]: I0317 12:37:31.730878   12354 scope.go:117] "RemoveContainer" containerID="cf2e2db44d4ede69fdcb7427462d01473f52f0531ffd8d9761a19bc7726d87f9"
Mar 17 12:37:31 NBTL-C2JHJY3 k3s[12354]: E0317 12:37:31.731156   12354 pod_workers.go:1324] "Error syncing pod, skipping" err="failed to \"StartContainer\" for \"argocd-applicationset-controller\" with CrashLoopBackOff: \"back-off 2m40s restarting failed container=argocd-applicationset-controller pod=argocd-applicationset-controller-7dc85c9598-dz954_argocd(6e204e44-c350-4bfb-b139-bc83a69ac70c)\"" pod="argocd/argocd-applicationset-controller-7dc85c9598-dz954" podUID="6e204e44-c350-4bfb-b139-bc83a69ac70c"
Mar 17 12:37:45 NBTL-C2JHJY3 k3s[12354]: I0317 12:37:45.730423   12354 scope.go:117] "RemoveContainer" containerID="cf2e2db44d4ede69fdcb7427462d01473f52f0531ffd8d9761a19bc7726d87f9"
Mar 17 12:37:45 NBTL-C2JHJY3 k3s[12354]: E0317 12:37:45.730542   12354 pod_workers.go:1324] "Error syncing pod, skipping" err="failed to \"StartContainer\" for \"argocd-applicationset-controller\" with CrashLoopBackOff: \"back-off 2m40s restarting failed container=argocd-applicationset-controller pod=argocd-applicationset-controller-7dc85c9598-dz954_argocd(6e204e44-c350-4bfb-b139-bc83a69ac70c)\"" pod="argocd/argocd-applicationset-controller-7dc85c9598-dz954" podUID="6e204e44-c350-4bfb-b139-bc83a69ac70c"
Mar 17 12:37:57 NBTL-C2JHJY3 k3s[12354]: I0317 12:37:57.730642   12354 scope.go:117] "RemoveContainer" containerID="cf2e2db44d4ede69fdcb7427462d01473f52f0531ffd8d9761a19bc7726d87f9"
Mar 17 12:37:57 NBTL-C2JHJY3 k3s[12354]: E0317 12:37:57.730922   12354 pod_workers.go:1324] "Error syncing pod, skipping" err="failed to \"StartContainer\" for \"argocd-applicationset-controller\" with CrashLoopBackOff: \"back-off 2m40s restarting failed container=argocd-applicationset-controller pod=argocd-applicationset-controller-7dc85c9598-dz954_argocd(6e204e44-c350-4bfb-b139-bc83a69ac70c)\"" pod="argocd/argocd-applicationset-controller-7dc85c9598-dz954" podUID="6e204e44-c350-4bfb-b139-bc83a69ac70c"
📁 Setting up kubeconfig...
📡 Verifying cluster...
NAME           STATUS   ROLES           AGE   VERSION
nbtl-c2jhjy3   Ready    control-plane   75m   v1.34.5+k3s1
NAMESPACE     NAME                                                READY   STATUS             RESTARTS      AGE
argocd        argocd-application-controller-0                     1/1     Running            0             15m
argocd        argocd-applicationset-controller-7dc85c9598-dz954   0/1     CrashLoopBackOff   5 (43s ago)   15m
argocd        argocd-dex-server-7d88b5b798-h5xgt                  1/1     Running            0             15m
argocd        argocd-notifications-controller-5f95df7f8c-twpql    1/1     Running            0             15m
argocd        argocd-redis-65b5bbd8cb-tddg9                       1/1     Running            0             15m
argocd        argocd-repo-server-69fb9fb66f-zzhsw                 1/1     Running            0             15m
argocd        argocd-server-58dbdffdcd-jx5r8                      1/1     Running            0             15m
kube-system   coredns-695cbbfcb9-vsmzz                            1/1     Running            0             75m
kube-system   helm-install-traefik-8bw5s                          0/1     Completed          1             75m
kube-system   helm-install-traefik-crd-hqdwb                      0/1     Completed          0             75m
kube-system   local-path-provisioner-546dfc6456-7tg48             1/1     Running            0             75m
kube-system   metrics-server-c8774f4f4-4kbst                      1/1     Running            0             75m
kube-system   svclb-traefik-2445105a-l6gbf                        2/2     Running            0             75m
kube-system   traefik-788bc4688c-84l6x                            1/1     Running            0             75m
🎉 Setup complete! K3s cluster is ready.
🚀 Creating ArgoCD namespace...
Namespace already exists
📦 Installing ArgoCD...
customresourcedefinition.apiextensions.k8s.io/applications.argoproj.io unchanged
customresourcedefinition.apiextensions.k8s.io/appprojects.argoproj.io unchanged
serviceaccount/argocd-application-controller unchanged
serviceaccount/argocd-applicationset-controller unchanged
serviceaccount/argocd-dex-server unchanged
serviceaccount/argocd-notifications-controller unchanged
serviceaccount/argocd-redis unchanged
serviceaccount/argocd-repo-server unchanged
serviceaccount/argocd-server unchanged
role.rbac.authorization.k8s.io/argocd-application-controller unchanged
role.rbac.authorization.k8s.io/argocd-applicationset-controller unchanged
role.rbac.authorization.k8s.io/argocd-dex-server unchanged
role.rbac.authorization.k8s.io/argocd-notifications-controller unchanged
role.rbac.authorization.k8s.io/argocd-redis unchanged
role.rbac.authorization.k8s.io/argocd-server unchanged
clusterrole.rbac.authorization.k8s.io/argocd-application-controller unchanged
clusterrole.rbac.authorization.k8s.io/argocd-applicationset-controller unchanged
clusterrole.rbac.authorization.k8s.io/argocd-server unchanged
rolebinding.rbac.authorization.k8s.io/argocd-application-controller unchanged
rolebinding.rbac.authorization.k8s.io/argocd-applicationset-controller unchanged
rolebinding.rbac.authorization.k8s.io/argocd-dex-server unchanged
rolebinding.rbac.authorization.k8s.io/argocd-notifications-controller unchanged
rolebinding.rbac.authorization.k8s.io/argocd-redis unchanged
rolebinding.rbac.authorization.k8s.io/argocd-server unchanged
clusterrolebinding.rbac.authorization.k8s.io/argocd-application-controller unchanged
clusterrolebinding.rbac.authorization.k8s.io/argocd-applicationset-controller unchanged
clusterrolebinding.rbac.authorization.k8s.io/argocd-server unchanged
configmap/argocd-cm unchanged
configmap/argocd-cmd-params-cm unchanged
configmap/argocd-gpg-keys-cm unchanged
configmap/argocd-notifications-cm unchanged
configmap/argocd-rbac-cm unchanged
configmap/argocd-ssh-known-hosts-cm unchanged
configmap/argocd-tls-certs-cm unchanged
secret/argocd-notifications-secret unchanged
secret/argocd-secret unchanged
service/argocd-applicationset-controller unchanged
service/argocd-dex-server unchanged
service/argocd-metrics unchanged
service/argocd-notifications-controller-metrics unchanged
service/argocd-redis unchanged
service/argocd-repo-server unchanged
service/argocd-server unchanged
service/argocd-server-metrics unchanged
deployment.apps/argocd-applicationset-controller unchanged
deployment.apps/argocd-dex-server unchanged
deployment.apps/argocd-notifications-controller unchanged
deployment.apps/argocd-redis unchanged
deployment.apps/argocd-repo-server unchanged
deployment.apps/argocd-server unchanged
statefulset.apps/argocd-application-controller unchanged
networkpolicy.networking.k8s.io/argocd-application-controller-network-policy configured
networkpolicy.networking.k8s.io/argocd-applicationset-controller-network-policy unchanged
networkpolicy.networking.k8s.io/argocd-dex-server-network-policy unchanged
networkpolicy.networking.k8s.io/argocd-notifications-controller-network-policy unchanged
networkpolicy.networking.k8s.io/argocd-redis-network-policy unchanged
networkpolicy.networking.k8s.io/argocd-repo-server-network-policy configured
networkpolicy.networking.k8s.io/argocd-server-network-policy unchanged
⏳ Waiting for ArgoCD server...
deployment "argocd-server" successfully rolled out
📡 Checking pods...
NAME                                                READY   STATUS             RESTARTS      AGE
argocd-application-controller-0                     1/1     Running            0             15m
argocd-applicationset-controller-7dc85c9598-dz954   0/1     CrashLoopBackOff   5 (47s ago)   15m
argocd-dex-server-7d88b5b798-h5xgt                  1/1     Running            0             15m
argocd-notifications-controller-5f95df7f8c-twpql    1/1     Running            0             15m
argocd-redis-65b5bbd8cb-tddg9                       1/1     Running            0             15m
argocd-repo-server-69fb9fb66f-zzhsw                 1/1     Running            0             15m
argocd-server-58dbdffdcd-jx5r8                      1/1     Running            0             15m
🌐 Exposing ArgoCD via NodePort...
service/argocd-server patched (no change)
🔍 Fetching NodePort...
🔑 Retrieving admin password...

================= 🎉 ArgoCD READY =================
🌐 URL: http://172.16.17.88:30523
👤 Username: admin
🔑 Password: MX26QgKNqvyYmdMc
==================================================
🚀 Updating system...
Get:2 https://download.docker.com/linux/ubuntu focal InRelease [57.7 kB]
Hit:3 https://dl.google.com/linux/chrome/deb stable InRelease
Hit:4 http://archive.ubuntu.com/ubuntu focal InRelease
Hit:5 http://ppa.launchpad.net/remmina-ppa-team/remmina-next/ubuntu focal InRelease
Hit:6 http://dell.archive.canonical.com focal InRelease
Hit:7 http://oem.archive.canonical.com focal InRelease
Hit:8 http://archive.ubuntu.com/ubuntu focal-updates InRelease
Hit:9 http://ppa.launchpad.net/somerville-dla-team/ppa/ubuntu bionic InRelease
Hit:10 https://packages.microsoft.com/repos/code stable InRelease
Hit:11 http://archive.ubuntu.com/ubuntu focal-backports InRelease
Hit:12 http://archive.canonical.com/ubuntu focal InRelease
Hit:13 http://security.ubuntu.com/ubuntu focal-security InRelease
Hit:1 https://pkg.osquerypackages.com/deb deb InRelease
Fetched 57.7 kB in 2s (28.3 kB/s)
Reading package lists...
Building dependency tree...
Reading state information...
8 packages can be upgraded. Run 'apt list --upgradable' to see them.
📦 Installing kubectl...
✅ kubectl installed:
Client Version: v1.35.2
Kustomize Version: v5.7.1
☸️ Installing K3s...
[INFO]  Finding release for channel stable
[INFO]  Using v1.34.5+k3s1 as release
[INFO]  Downloading hash https://github.com/k3s-io/k3s/releases/download/v1.34.5%2Bk3s1/sha256sum-amd64.txt
[INFO]  Skipping binary downloaded, installed k3s matches hash
[INFO]  Skipping installation of SELinux RPM
[INFO]  Skipping /usr/local/bin/kubectl symlink to k3s, already exists
[INFO]  Skipping /usr/local/bin/crictl symlink to k3s, already exists
[INFO]  Skipping /usr/local/bin/ctr symlink to k3s, command exists in PATH at /usr/bin/ctr
[INFO]  Creating killall script /usr/local/bin/k3s-killall.sh
[INFO]  Creating uninstall script /usr/local/bin/k3s-uninstall.sh
[INFO]  env: Creating environment file /etc/systemd/system/k3s.service.env
[INFO]  systemd: Creating service file /etc/systemd/system/k3s.service
[INFO]  systemd: Enabling k3s unit
[INFO]  No change detected so skipping service start
⏳ Waiting for K3s to be ready...
🔍 Checking K3s service...
● k3s.service - Lightweight Kubernetes
     Loaded: loaded (/etc/systemd/system/k3s.service; enabled; vendor preset: enabled)
     Active: active (running) since Tue 2026-03-17 11:22:14 IST; 1h 17min ago
       Docs: https://k3s.io
   Main PID: 12354 (k3s-server)
      Tasks: 111
     Memory: 2.6G
     CGroup: /system.slice/k3s.service
             ├─12354 /usr/local/bin/k3s server
             ├─12384 containerd
             ├─13217 /var/lib/rancher/k3s/data/79ac63a01dfbb817a8aaf7523cdfeb56de028ec60255fc8f6731227297012922/bin/containerd-shim-runc-v2 -namespace k8s.io -id f59d7b208af4a1169ced5e25b1a7f7636a9c69a02b8c7b0019d2ae11f90da0ec -address /run/k3s/containerd/containerd.sock
             ├─13233 /var/lib/rancher/k3s/data/79ac63a01dfbb817a8aaf7523cdfeb56de028ec60255fc8f6731227297012922/bin/containerd-shim-runc-v2 -namespace k8s.io -id a103e86c31db24f24b91afe849b7f21870fbded6d3916dae348e096e74bea44c -address /run/k3s/containerd/containerd.sock
             ├─13396 /var/lib/rancher/k3s/data/79ac63a01dfbb817a8aaf7523cdfeb56de028ec60255fc8f6731227297012922/bin/containerd-shim-runc-v2 -namespace k8s.io -id 22f70088f3c32d818852cf511a8ef2498019d77379d1cc01dd9e60aa23cf831e -address /run/k3s/containerd/containerd.sock
             ├─14176 /var/lib/rancher/k3s/data/79ac63a01dfbb817a8aaf7523cdfeb56de028ec60255fc8f6731227297012922/bin/containerd-shim-runc-v2 -namespace k8s.io -id 980e5c2b5a29d0fdce513ce91fcc2ebc06f38dbc57e0cf310d0698808f109133 -address /run/k3s/containerd/containerd.sock
             └─14281 /var/lib/rancher/k3s/data/79ac63a01dfbb817a8aaf7523cdfeb56de028ec60255fc8f6731227297012922/bin/containerd-shim-runc-v2 -namespace k8s.io -id 223fdd66bfa4570d6f26ab335374c195fb7bfe4640f7a37652a84263752f47b8 -address /run/k3s/containerd/containerd.sock

Mar 17 12:38:56 NBTL-C2JHJY3 k3s[12354]: I0317 12:38:56.737595   12354 kubelet_volumes.go:163] "Cleaned up orphaned pod volumes dir" podUID="af59ed44-df5f-47a1-9925-6bf979873c91" path="/var/lib/kubelet/pods/af59ed44-df5f-47a1-9925-6bf979873c91/volumes"
Mar 17 12:38:56 NBTL-C2JHJY3 k3s[12354]: I0317 12:38:56.738160   12354 kubelet_volumes.go:163] "Cleaned up orphaned pod volumes dir" podUID="b1cd832f-ae04-446d-ae4d-c31f4517b690" path="/var/lib/kubelet/pods/b1cd832f-ae04-446d-ae4d-c31f4517b690/volumes"
Mar 17 12:38:56 NBTL-C2JHJY3 k3s[12354]: E0317 12:38:56.766983   12354 stateful_set.go:439] "Unhandled Error" err="error syncing StatefulSet argocd/argocd-application-controller, requeuing: pods \"argocd-application-controller-0\" is forbidden: unable to create new content in namespace argocd because it is being terminated"
Mar 17 12:38:57 NBTL-C2JHJY3 k3s[12354]: E0317 12:38:57.092766   12354 stateful_set.go:439] "Unhandled Error" err="error syncing StatefulSet argocd/argocd-application-controller, requeuing: pods \"argocd-application-controller-0\" is forbidden: unable to create new content in namespace argocd because it is being terminated"
Mar 17 12:38:57 NBTL-C2JHJY3 k3s[12354]: E0317 12:38:57.742840   12354 stateful_set.go:439] "Unhandled Error" err="error syncing StatefulSet argocd/argocd-application-controller, requeuing: pods \"argocd-application-controller-0\" is forbidden: unable to create new content in namespace argocd because it is being terminated"
Mar 17 12:38:59 NBTL-C2JHJY3 k3s[12354]: E0317 12:38:59.032377   12354 stateful_set.go:439] "Unhandled Error" err="error syncing StatefulSet argocd/argocd-application-controller, requeuing: pods \"argocd-application-controller-0\" is forbidden: unable to create new content in namespace argocd because it is being terminated"
Mar 17 12:39:01 NBTL-C2JHJY3 k3s[12354]: E0317 12:39:01.600244   12354 stateful_set.go:439] "Unhandled Error" err="error syncing StatefulSet argocd/argocd-application-controller, requeuing: pods \"argocd-application-controller-0\" is forbidden: unable to create new content in namespace argocd because it is being terminated"
Mar 17 12:39:06 NBTL-C2JHJY3 k3s[12354]: E0317 12:39:06.727629   12354 stateful_set.go:439] "Unhandled Error" err="error syncing StatefulSet argocd/argocd-application-controller, requeuing: pods \"argocd-application-controller-0\" is forbidden: unable to create new content in namespace argocd because it is being terminated"
Mar 17 12:39:13 NBTL-C2JHJY3 k3s[12354]: I0317 12:39:13.075684   12354 stateful_set.go:467] "StatefulSet has been deleted" key="argocd/argocd-application-controller"
Mar 17 12:39:16 NBTL-C2JHJY3 k3s[12354]: I0317 12:39:16.968719   12354 stateful_set.go:467] "StatefulSet has been deleted" key="argocd/argocd-application-controller"
📁 Setting up kubeconfig...
📡 Verifying cluster...
NAME           STATUS   ROLES           AGE   VERSION
nbtl-c2jhjy3   Ready    control-plane   77m   v1.34.5+k3s1
NAMESPACE     NAME                                      READY   STATUS      RESTARTS   AGE
kube-system   coredns-695cbbfcb9-vsmzz                  1/1     Running     0          77m
kube-system   helm-install-traefik-8bw5s                0/1     Completed   1          77m
kube-system   helm-install-traefik-crd-hqdwb            0/1     Completed   0          77m
kube-system   local-path-provisioner-546dfc6456-7tg48   1/1     Running     0          77m
kube-system   metrics-server-c8774f4f4-4kbst            1/1     Running     0          77m
kube-system   svclb-traefik-2445105a-l6gbf              2/2     Running     0          77m
kube-system   traefik-788bc4688c-84l6x                  1/1     Running     0          77m
🎉 Setup complete! K3s cluster is ready.
🚀 Creating ArgoCD namespace...
namespace/argocd created
📦 Installing ArgoCD...
customresourcedefinition.apiextensions.k8s.io/applications.argoproj.io unchanged
customresourcedefinition.apiextensions.k8s.io/appprojects.argoproj.io unchanged
serviceaccount/argocd-application-controller created
serviceaccount/argocd-applicationset-controller created
serviceaccount/argocd-dex-server created
serviceaccount/argocd-notifications-controller created
serviceaccount/argocd-redis created
serviceaccount/argocd-repo-server created
serviceaccount/argocd-server created
role.rbac.authorization.k8s.io/argocd-application-controller created
role.rbac.authorization.k8s.io/argocd-applicationset-controller created
role.rbac.authorization.k8s.io/argocd-dex-server created
role.rbac.authorization.k8s.io/argocd-notifications-controller created
role.rbac.authorization.k8s.io/argocd-redis created
role.rbac.authorization.k8s.io/argocd-server created
clusterrole.rbac.authorization.k8s.io/argocd-application-controller unchanged
clusterrole.rbac.authorization.k8s.io/argocd-applicationset-controller unchanged
clusterrole.rbac.authorization.k8s.io/argocd-server unchanged
rolebinding.rbac.authorization.k8s.io/argocd-application-controller created
rolebinding.rbac.authorization.k8s.io/argocd-applicationset-controller created
rolebinding.rbac.authorization.k8s.io/argocd-dex-server created
rolebinding.rbac.authorization.k8s.io/argocd-notifications-controller created
rolebinding.rbac.authorization.k8s.io/argocd-redis created
rolebinding.rbac.authorization.k8s.io/argocd-server created
clusterrolebinding.rbac.authorization.k8s.io/argocd-application-controller unchanged
clusterrolebinding.rbac.authorization.k8s.io/argocd-applicationset-controller unchanged
clusterrolebinding.rbac.authorization.k8s.io/argocd-server unchanged
configmap/argocd-cm created
configmap/argocd-cmd-params-cm created
configmap/argocd-gpg-keys-cm created
configmap/argocd-notifications-cm created
configmap/argocd-rbac-cm created
configmap/argocd-ssh-known-hosts-cm created
configmap/argocd-tls-certs-cm created
secret/argocd-notifications-secret created
secret/argocd-secret created
service/argocd-applicationset-controller created
service/argocd-dex-server created
service/argocd-metrics created
service/argocd-notifications-controller-metrics created
service/argocd-redis created
service/argocd-repo-server created
service/argocd-server created
service/argocd-server-metrics created
deployment.apps/argocd-applicationset-controller created
deployment.apps/argocd-dex-server created
deployment.apps/argocd-notifications-controller created
deployment.apps/argocd-redis created
deployment.apps/argocd-repo-server created
deployment.apps/argocd-server created
statefulset.apps/argocd-application-controller created
networkpolicy.networking.k8s.io/argocd-application-controller-network-policy created
networkpolicy.networking.k8s.io/argocd-applicationset-controller-network-policy created
networkpolicy.networking.k8s.io/argocd-dex-server-network-policy created
networkpolicy.networking.k8s.io/argocd-notifications-controller-network-policy created
networkpolicy.networking.k8s.io/argocd-redis-network-policy created
networkpolicy.networking.k8s.io/argocd-repo-server-network-policy created
networkpolicy.networking.k8s.io/argocd-server-network-policy created
⏳ Waiting for ArgoCD server...
Waiting for deployment "argocd-server" rollout to finish: 0 out of 1 new replicas have been updated...
Waiting for deployment "argocd-server" rollout to finish: 0 of 1 updated replicas are available...
deployment "argocd-server" successfully rolled out
📡 Checking pods...
NAME                                                READY   STATUS    RESTARTS   AGE
argocd-application-controller-0                     1/1     Running   0          34s
argocd-applicationset-controller-7dc85c9598-mbdvw   1/1     Running   0          34s
argocd-dex-server-7d88b5b798-bkx7x                  1/1     Running   0          34s
argocd-notifications-controller-5f95df7f8c-9p2pw    1/1     Running   0          34s
argocd-redis-65b5bbd8cb-xgmh8                       1/1     Running   0          34s
argocd-repo-server-69fb9fb66f-hrj6f                 1/1     Running   0          34s
argocd-server-58dbdffdcd-jxf8z                      1/1     Running   0          34s
🌐 Exposing ArgoCD via NodePort...
service/argocd-server patched
🔍 Fetching NodePort...
🔑 Retrieving admin password...

================= 🎉 ArgoCD READY =================
🌐 URL: http://172.16.17.88:32027
👤 Username: admin
🔑 Password: 7a7jIn40ECiznq6K
==================================================
